<?xml version="1.0" encoding="UTF-8"?>
<!-- Generated by org.testng.reporters.JUnitXMLReporter -->
<testsuite hostname="GBTC02S65PJG8WN" ignored="0" name="Test" tests="4" failures="0" timestamp="2020-09-24T22:12:30 EDT" time="100.673" errors="0">
  <testcase name="Home_Page_Test" time="0.349" classname="GUI_Testing.Home_Page"/>
  <testcase name="Teacher_Component_Testing" time="72.275" classname="GUI_Testing.Teacher_Component_Test"/>
  <testcase name="Students_Componen_Testing" time="13.021" classname="GUI_Testing.Students_Component_Test"/>
  <testcase name="LogInPage_Test" time="1.244" classname="GUI_Testing.Login_Page_Test"/>
</testsuite> <!-- Test -->
