<?xml version="1.0" encoding="UTF-8"?>
<!-- Generated by org.testng.reporters.JUnitXMLReporter -->
<testsuite hostname="GBTC02S65PJG8WN" ignored="1" name="Command line test" tests="6" failures="0" timestamp="2020-11-04T11:58:49 EST" time="120.791" errors="0">
  <testcase name="Teacher_Component_Testing" time="83.194" classname="GUI_Testing.Teacher_Component_Test"/>
  <testcase name="Students_Componen_Testing" time="19.719" classname="GUI_Testing.Students_Component_Test"/>
  <testcase name="LogInPage_Test" time="1.621" classname="GUI_Testing.Login_Page_Test"/>
  <testcase name="open_the_door" time="0.001" classname="TestNG_Concept_Testing.Priority_Test"/>
  <testcase name="close_the_door" time="0.0" classname="TestNG_Concept_Testing.Priority_Test"/>
  <testcase name="seat_on_chair" time="0.0" classname="TestNG_Concept_Testing.Priority_Test"/>
  <testcase name="Read_Data_Test" time="0.0" classname="TestNG_Concept_Testing.Data_Provider_Test">
    <ignored/>
  </testcase> <!-- Read_Data_Test -->
</testsuite> <!-- Command line test -->
