<?xml version="1.0" encoding="UTF-8"?>
<testng-results skipped="0" failed="0" ignored="1" total="7" passed="6">
  <reporter-output>
  </reporter-output>
  <suite name="Surefire suite" duration-ms="128278" started-at="2020-11-04T14:43:14 EST" finished-at="2020-11-04T14:45:23 EST">
    <groups>
    </groups>
    <test name="Surefire test" duration-ms="128278" started-at="2020-11-04T14:43:14 EST" finished-at="2020-11-04T14:45:23 EST">
      <class name="GUI_Testing.Teacher_Component_Test">
        <test-method status="PASS" signature="Set_Up()[pri:0, instance:GUI_Testing.Teacher_Component_Test@4fe3c938]" name="Set_Up" is-config="true" duration-ms="9580" started-at="2020-11-04T14:43:14 EST" finished-at="2020-11-04T14:43:24 EST">
          <reporter-output>
          </reporter-output>
        </test-method> <!-- Set_Up -->
        <test-method status="PASS" signature="Teacher_Component_Testing()[pri:0, instance:GUI_Testing.Teacher_Component_Test@4fe3c938]" name="Teacher_Component_Testing" duration-ms="83116" started-at="2020-11-04T14:43:24 EST" finished-at="2020-11-04T14:44:47 EST">
          <reporter-output>
          </reporter-output>
        </test-method> <!-- Teacher_Component_Testing -->
        <test-method status="PASS" signature="Tear_Down()[pri:0, instance:GUI_Testing.Teacher_Component_Test@4fe3c938]" name="Tear_Down" is-config="true" duration-ms="85" started-at="2020-11-04T14:44:47 EST" finished-at="2020-11-04T14:44:47 EST">
          <reporter-output>
          </reporter-output>
        </test-method> <!-- Tear_Down -->
      </class> <!-- GUI_Testing.Teacher_Component_Test -->
      <class name="TestNG_Concept_Testing.Priority_Test">
        <test-method status="PASS" signature="open_the_door()[pri:0, instance:TestNG_Concept_Testing.Priority_Test@71423665]" name="open_the_door" duration-ms="0" started-at="2020-11-04T14:45:23 EST" description="Open Door Test" finished-at="2020-11-04T14:45:23 EST">
          <reporter-output>
          </reporter-output>
        </test-method> <!-- open_the_door -->
        <test-method status="PASS" signature="close_the_door()[pri:1, instance:TestNG_Concept_Testing.Priority_Test@71423665]" name="close_the_door" duration-ms="0" started-at="2020-11-04T14:45:23 EST" description="Close Door Test" finished-at="2020-11-04T14:45:23 EST">
          <reporter-output>
          </reporter-output>
        </test-method> <!-- close_the_door -->
        <test-method status="PASS" signature="seat_on_chair()[pri:2, instance:TestNG_Concept_Testing.Priority_Test@71423665]" name="seat_on_chair" duration-ms="0" started-at="2020-11-04T14:45:23 EST" description="Seat On Chair Test" finished-at="2020-11-04T14:45:23 EST">
          <reporter-output>
          </reporter-output>
        </test-method> <!-- seat_on_chair -->
      </class> <!-- TestNG_Concept_Testing.Priority_Test -->
      <class name="GUI_Testing.Login_Page_Test">
        <test-method status="PASS" signature="Set_up()[pri:0, instance:GUI_Testing.Login_Page_Test@2ac273d3]" name="Set_up" is-config="true" duration-ms="2333" started-at="2020-11-04T14:45:16 EST" finished-at="2020-11-04T14:45:18 EST">
          <reporter-output>
          </reporter-output>
        </test-method> <!-- Set_up -->
        <test-method status="PASS" signature="LogInPage_Test()[pri:0, instance:GUI_Testing.Login_Page_Test@2ac273d3]" name="LogInPage_Test" duration-ms="4569" started-at="2020-11-04T14:45:18 EST" finished-at="2020-11-04T14:45:22 EST">
          <reporter-output>
          </reporter-output>
        </test-method> <!-- LogInPage_Test -->
        <test-method status="PASS" signature="Tear_Down()[pri:0, instance:GUI_Testing.Login_Page_Test@2ac273d3]" name="Tear_Down" is-config="true" duration-ms="86" started-at="2020-11-04T14:45:22 EST" finished-at="2020-11-04T14:45:23 EST">
          <reporter-output>
          </reporter-output>
        </test-method> <!-- Tear_Down -->
      </class> <!-- GUI_Testing.Login_Page_Test -->
      <class name="GUI_Testing.Students_Component_Test">
        <test-method status="PASS" signature="Set_Up()[pri:0, instance:GUI_Testing.Students_Component_Test@5383967b]" name="Set_Up" is-config="true" duration-ms="9039" started-at="2020-11-04T14:44:47 EST" finished-at="2020-11-04T14:44:56 EST">
          <reporter-output>
          </reporter-output>
        </test-method> <!-- Set_Up -->
        <test-method status="PASS" signature="Students_Componen_Testing()[pri:0, instance:GUI_Testing.Students_Component_Test@5383967b]" name="Students_Componen_Testing" duration-ms="19351" started-at="2020-11-04T14:44:56 EST" finished-at="2020-11-04T14:45:16 EST">
          <reporter-output>
          </reporter-output>
        </test-method> <!-- Students_Componen_Testing -->
        <test-method status="PASS" signature="Tear_Down()[pri:0, instance:GUI_Testing.Students_Component_Test@5383967b]" name="Tear_Down" is-config="true" duration-ms="86" started-at="2020-11-04T14:45:16 EST" finished-at="2020-11-04T14:45:16 EST">
          <reporter-output>
          </reporter-output>
        </test-method> <!-- Tear_Down -->
      </class> <!-- GUI_Testing.Students_Component_Test -->
    </test> <!-- Surefire test -->
  </suite> <!-- Surefire suite -->
</testng-results>
